2024-12-30T00:02:25.120-06:00  INFO [user-ws, traceId=, spanId=] 9211 --- [user-ws] [AsyncResolver-bootstrap-executor-%d] [                                                 ] c.n.d.s.r.aws.ConfigClusterResolver      : Resolving eureka endpoints via configuration
2024-12-30T00:15:42.444-06:00  WARN [user-ws, traceId=, spanId=] 9211 --- [user-ws] [HikariPool-2 housekeeper] [                                                 ] com.zaxxer.hikari.pool.HikariPool        : HikariPool-2 - Thread starvation or clock leap detected (housekeeper delta=11m37s587ms).
2024-12-30T00:33:13.963-06:00  WARN [user-ws, traceId=, spanId=] 9211 --- [user-ws] [HikariPool-2 housekeeper] [                                                 ] com.zaxxer.hikari.pool.HikariPool        : HikariPool-2 - Thread starvation or clock leap detected (housekeeper delta=17m1s517ms).
2024-12-30T00:50:18.446-06:00  WARN [user-ws, traceId=, spanId=] 9211 --- [user-ws] [HikariPool-2 housekeeper] [                                                 ] com.zaxxer.hikari.pool.HikariPool        : HikariPool-2 - Thread starvation or clock leap detected (housekeeper delta=16m34s465ms).
2024-12-30T00:51:08.722-06:00  INFO [user-ws, traceId=, spanId=] 9211 --- [user-ws] [AsyncResolver-bootstrap-executor-%d] [                                                 ] c.n.d.s.r.aws.ConfigClusterResolver      : Resolving eureka endpoints via configuration
2024-12-30T01:07:29.281-06:00  WARN [user-ws, traceId=, spanId=] 9211 --- [user-ws] [HikariPool-2 housekeeper] [                                                 ] com.zaxxer.hikari.pool.HikariPool        : HikariPool-2 - Thread starvation or clock leap detected (housekeeper delta=16m10s817ms).
2024-12-30T01:25:17.663-06:00  WARN [user-ws, traceId=, spanId=] 9211 --- [user-ws] [HikariPool-2 housekeeper] [                                                 ] com.zaxxer.hikari.pool.HikariPool        : HikariPool-2 - Thread starvation or clock leap detected (housekeeper delta=16m48s265ms).
2024-12-30T01:28:07.853-06:00  INFO [user-ws, traceId=, spanId=] 9211 --- [user-ws] [AsyncResolver-bootstrap-executor-%d] [                                                 ] c.n.d.s.r.aws.ConfigClusterResolver      : Resolving eureka endpoints via configuration
2024-12-30T01:33:07.867-06:00  INFO [user-ws, traceId=, spanId=] 9211 --- [user-ws] [AsyncResolver-bootstrap-executor-%d] [                                                 ] c.n.d.s.r.aws.ConfigClusterResolver      : Resolving eureka endpoints via configuration
2024-12-30T01:38:07.878-06:00  INFO [user-ws, traceId=, spanId=] 9211 --- [user-ws] [AsyncResolver-bootstrap-executor-%d] [                                                 ] c.n.d.s.r.aws.ConfigClusterResolver      : Resolving eureka endpoints via configuration
2024-12-30T01:43:07.890-06:00  INFO [user-ws, traceId=, spanId=] 9211 --- [user-ws] [AsyncResolver-bootstrap-executor-%d] [                                                 ] c.n.d.s.r.aws.ConfigClusterResolver      : Resolving eureka endpoints via configuration
2024-12-30T01:48:07.896-06:00  INFO [user-ws, traceId=, spanId=] 9211 --- [user-ws] [AsyncResolver-bootstrap-executor-%d] [                                                 ] c.n.d.s.r.aws.ConfigClusterResolver      : Resolving eureka endpoints via configuration
2024-12-30T01:53:07.910-06:00  INFO [user-ws, traceId=, spanId=] 9211 --- [user-ws] [AsyncResolver-bootstrap-executor-%d] [                                                 ] c.n.d.s.r.aws.ConfigClusterResolver      : Resolving eureka endpoints via configuration
2024-12-30T01:58:07.959-06:00  INFO [user-ws, traceId=, spanId=] 9211 --- [user-ws] [AsyncResolver-bootstrap-executor-%d] [                                                 ] c.n.d.s.r.aws.ConfigClusterResolver      : Resolving eureka endpoints via configuration
2024-12-30T02:03:07.975-06:00  INFO [user-ws, traceId=, spanId=] 9211 --- [user-ws] [AsyncResolver-bootstrap-executor-%d] [                                                 ] c.n.d.s.r.aws.ConfigClusterResolver      : Resolving eureka endpoints via configuration
2024-12-30T02:08:07.988-06:00  INFO [user-ws, traceId=, spanId=] 9211 --- [user-ws] [AsyncResolver-bootstrap-executor-%d] [                                                 ] c.n.d.s.r.aws.ConfigClusterResolver      : Resolving eureka endpoints via configuration
2024-12-30T02:13:08.001-06:00  INFO [user-ws, traceId=, spanId=] 9211 --- [user-ws] [AsyncResolver-bootstrap-executor-%d] [                                                 ] c.n.d.s.r.aws.ConfigClusterResolver      : Resolving eureka endpoints via configuration
2024-12-30T02:18:08.013-06:00  INFO [user-ws, traceId=, spanId=] 9211 --- [user-ws] [AsyncResolver-bootstrap-executor-%d] [                                                 ] c.n.d.s.r.aws.ConfigClusterResolver      : Resolving eureka endpoints via configuration
2024-12-30T02:38:04.211-06:00  WARN [user-ws, traceId=, spanId=] 9211 --- [user-ws] [HikariPool-2 housekeeper] [                                                 ] com.zaxxer.hikari.pool.HikariPool        : HikariPool-2 - Thread starvation or clock leap detected (housekeeper delta=16m15s395ms).
2024-12-30T02:38:53.413-06:00  INFO [user-ws, traceId=, spanId=] 9211 --- [user-ws] [AsyncResolver-bootstrap-executor-%d] [                                                 ] c.n.d.s.r.aws.ConfigClusterResolver      : Resolving eureka endpoints via configuration
2024-12-30T02:43:53.425-06:00  INFO [user-ws, traceId=, spanId=] 9211 --- [user-ws] [AsyncResolver-bootstrap-executor-%d] [                                                 ] c.n.d.s.r.aws.ConfigClusterResolver      : Resolving eureka endpoints via configuration
2024-12-30T02:48:53.432-06:00  INFO [user-ws, traceId=, spanId=] 9211 --- [user-ws] [AsyncResolver-bootstrap-executor-%d] [                                                 ] c.n.d.s.r.aws.ConfigClusterResolver      : Resolving eureka endpoints via configuration
2024-12-30T02:53:53.441-06:00  INFO [user-ws, traceId=, spanId=] 9211 --- [user-ws] [AsyncResolver-bootstrap-executor-%d] [                                                 ] c.n.d.s.r.aws.ConfigClusterResolver      : Resolving eureka endpoints via configuration
2024-12-30T02:58:53.450-06:00  INFO [user-ws, traceId=, spanId=] 9211 --- [user-ws] [AsyncResolver-bootstrap-executor-%d] [                                                 ] c.n.d.s.r.aws.ConfigClusterResolver      : Resolving eureka endpoints via configuration
2024-12-30T03:03:53.456-06:00  INFO [user-ws, traceId=, spanId=] 9211 --- [user-ws] [AsyncResolver-bootstrap-executor-%d] [                                                 ] c.n.d.s.r.aws.ConfigClusterResolver      : Resolving eureka endpoints via configuration
2024-12-30T03:08:53.511-06:00  INFO [user-ws, traceId=, spanId=] 9211 --- [user-ws] [AsyncResolver-bootstrap-executor-%d] [                                                 ] c.n.d.s.r.aws.ConfigClusterResolver      : Resolving eureka endpoints via configuration
2024-12-30T03:13:53.523-06:00  INFO [user-ws, traceId=, spanId=] 9211 --- [user-ws] [AsyncResolver-bootstrap-executor-%d] [                                                 ] c.n.d.s.r.aws.ConfigClusterResolver      : Resolving eureka endpoints via configuration
2024-12-30T03:18:53.539-06:00  INFO [user-ws, traceId=, spanId=] 9211 --- [user-ws] [AsyncResolver-bootstrap-executor-%d] [                                                 ] c.n.d.s.r.aws.ConfigClusterResolver      : Resolving eureka endpoints via configuration
2024-12-30T03:36:27.795-06:00  WARN [user-ws, traceId=, spanId=] 9211 --- [user-ws] [HikariPool-2 housekeeper] [                                                 ] com.zaxxer.hikari.pool.HikariPool        : HikariPool-2 - Thread starvation or clock leap detected (housekeeper delta=16m52s957ms).
2024-12-30T03:40:15.605-06:00  INFO [user-ws, traceId=, spanId=] 9211 --- [user-ws] [AsyncResolver-bootstrap-executor-%d] [                                                 ] c.n.d.s.r.aws.ConfigClusterResolver      : Resolving eureka endpoints via configuration
2024-12-30T03:56:35.812-06:00  WARN [user-ws, traceId=, spanId=] 9211 --- [user-ws] [HikariPool-2 housekeeper] [                                                 ] com.zaxxer.hikari.pool.HikariPool        : HikariPool-2 - Thread starvation or clock leap detected (housekeeper delta=16m7s687ms).
2024-12-30T04:00:19.492-06:00  WARN [user-ws, traceId=, spanId=] 9211 --- [user-ws] [HikariPool-2 housekeeper] [                                                 ] com.zaxxer.hikari.pool.HikariPool        : HikariPool-2 - Thread starvation or clock leap detected (housekeeper delta=3m13s672ms).
2024-12-30T04:16:25.186-06:00  WARN [user-ws, traceId=, spanId=] 9211 --- [user-ws] [HikariPool-2 housekeeper] [                                                 ] com.zaxxer.hikari.pool.HikariPool        : HikariPool-2 - Thread starvation or clock leap detected (housekeeper delta=15m35s686ms).
2024-12-30T04:33:45.680-06:00  WARN [user-ws, traceId=, spanId=] 9211 --- [user-ws] [HikariPool-2 housekeeper] [                                                 ] com.zaxxer.hikari.pool.HikariPool        : HikariPool-2 - Thread starvation or clock leap detected (housekeeper delta=16m50s487ms).
2024-12-30T04:35:02.661-06:00  INFO [user-ws, traceId=, spanId=] 9211 --- [user-ws] [AsyncResolver-bootstrap-executor-%d] [                                                 ] c.n.d.s.r.aws.ConfigClusterResolver      : Resolving eureka endpoints via configuration
2024-12-30T04:40:02.672-06:00  INFO [user-ws, traceId=, spanId=] 9211 --- [user-ws] [AsyncResolver-bootstrap-executor-%d] [                                                 ] c.n.d.s.r.aws.ConfigClusterResolver      : Resolving eureka endpoints via configuration
2024-12-30T04:45:02.678-06:00  INFO [user-ws, traceId=, spanId=] 9211 --- [user-ws] [AsyncResolver-bootstrap-executor-%d] [                                                 ] c.n.d.s.r.aws.ConfigClusterResolver      : Resolving eureka endpoints via configuration
2024-12-30T04:50:02.684-06:00  INFO [user-ws, traceId=, spanId=] 9211 --- [user-ws] [AsyncResolver-bootstrap-executor-%d] [                                                 ] c.n.d.s.r.aws.ConfigClusterResolver      : Resolving eureka endpoints via configuration
2024-12-30T04:55:02.696-06:00  INFO [user-ws, traceId=, spanId=] 9211 --- [user-ws] [AsyncResolver-bootstrap-executor-%d] [                                                 ] c.n.d.s.r.aws.ConfigClusterResolver      : Resolving eureka endpoints via configuration
2024-12-30T05:00:02.707-06:00  INFO [user-ws, traceId=, spanId=] 9211 --- [user-ws] [AsyncResolver-bootstrap-executor-%d] [                                                 ] c.n.d.s.r.aws.ConfigClusterResolver      : Resolving eureka endpoints via configuration
2024-12-30T05:05:02.715-06:00  INFO [user-ws, traceId=, spanId=] 9211 --- [user-ws] [AsyncResolver-bootstrap-executor-%d] [                                                 ] c.n.d.s.r.aws.ConfigClusterResolver      : Resolving eureka endpoints via configuration
2024-12-30T05:10:02.729-06:00  INFO [user-ws, traceId=, spanId=] 9211 --- [user-ws] [AsyncResolver-bootstrap-executor-%d] [                                                 ] c.n.d.s.r.aws.ConfigClusterResolver      : Resolving eureka endpoints via configuration
2024-12-30T05:15:02.732-06:00  INFO [user-ws, traceId=, spanId=] 9211 --- [user-ws] [AsyncResolver-bootstrap-executor-%d] [                                                 ] c.n.d.s.r.aws.ConfigClusterResolver      : Resolving eureka endpoints via configuration
2024-12-30T05:20:02.741-06:00  INFO [user-ws, traceId=, spanId=] 9211 --- [user-ws] [AsyncResolver-bootstrap-executor-%d] [                                                 ] c.n.d.s.r.aws.ConfigClusterResolver      : Resolving eureka endpoints via configuration
2024-12-30T05:25:02.754-06:00  INFO [user-ws, traceId=, spanId=] 9211 --- [user-ws] [AsyncResolver-bootstrap-executor-%d] [                                                 ] c.n.d.s.r.aws.ConfigClusterResolver      : Resolving eureka endpoints via configuration
2024-12-30T05:41:39.854-06:00  WARN [user-ws, traceId=, spanId=] 9211 --- [user-ws] [HikariPool-2 housekeeper] [                                                 ] com.zaxxer.hikari.pool.HikariPool        : HikariPool-2 - Thread starvation or clock leap detected (housekeeper delta=16m23s459ms).
2024-12-30T05:58:39.286-06:00  WARN [user-ws, traceId=, spanId=] 9211 --- [user-ws] [HikariPool-2 housekeeper] [                                                 ] com.zaxxer.hikari.pool.HikariPool        : HikariPool-2 - Thread starvation or clock leap detected (housekeeper delta=16m59s432ms).
2024-12-30T06:01:23.088-06:00  WARN [user-ws, traceId=, spanId=] 9211 --- [user-ws] [HikariPool-2 housekeeper] [                                                 ] com.zaxxer.hikari.pool.HikariPool        : HikariPool-2 - Thread starvation or clock leap detected (housekeeper delta=2m13s793ms).
2024-12-30T06:17:35.131-06:00  WARN [user-ws, traceId=, spanId=] 9211 --- [user-ws] [HikariPool-2 housekeeper] [                                                 ] com.zaxxer.hikari.pool.HikariPool        : HikariPool-2 - Thread starvation or clock leap detected (housekeeper delta=15m42s31ms).
2024-12-30T06:19:21.440-06:00  INFO [user-ws, traceId=, spanId=] 9211 --- [user-ws] [AsyncResolver-bootstrap-executor-%d] [                                                 ] c.n.d.s.r.aws.ConfigClusterResolver      : Resolving eureka endpoints via configuration
2024-12-30T06:24:21.445-06:00  INFO [user-ws, traceId=, spanId=] 9211 --- [user-ws] [AsyncResolver-bootstrap-executor-%d] [                                                 ] c.n.d.s.r.aws.ConfigClusterResolver      : Resolving eureka endpoints via configuration
2024-12-30T06:29:21.456-06:00  INFO [user-ws, traceId=, spanId=] 9211 --- [user-ws] [AsyncResolver-bootstrap-executor-%d] [                                                 ] c.n.d.s.r.aws.ConfigClusterResolver      : Resolving eureka endpoints via configuration
2024-12-30T06:34:21.468-06:00  INFO [user-ws, traceId=, spanId=] 9211 --- [user-ws] [AsyncResolver-bootstrap-executor-%d] [                                                 ] c.n.d.s.r.aws.ConfigClusterResolver      : Resolving eureka endpoints via configuration
2024-12-30T06:39:21.478-06:00  INFO [user-ws, traceId=, spanId=] 9211 --- [user-ws] [AsyncResolver-bootstrap-executor-%d] [                                                 ] c.n.d.s.r.aws.ConfigClusterResolver      : Resolving eureka endpoints via configuration
2024-12-30T06:44:21.489-06:00  INFO [user-ws, traceId=, spanId=] 9211 --- [user-ws] [AsyncResolver-bootstrap-executor-%d] [                                                 ] c.n.d.s.r.aws.ConfigClusterResolver      : Resolving eureka endpoints via configuration
2024-12-30T06:49:21.525-06:00  INFO [user-ws, traceId=, spanId=] 9211 --- [user-ws] [AsyncResolver-bootstrap-executor-%d] [                                                 ] c.n.d.s.r.aws.ConfigClusterResolver      : Resolving eureka endpoints via configuration
2024-12-30T06:54:21.541-06:00  INFO [user-ws, traceId=, spanId=] 9211 --- [user-ws] [AsyncResolver-bootstrap-executor-%d] [                                                 ] c.n.d.s.r.aws.ConfigClusterResolver      : Resolving eureka endpoints via configuration
2024-12-30T06:59:21.548-06:00  INFO [user-ws, traceId=, spanId=] 9211 --- [user-ws] [AsyncResolver-bootstrap-executor-%d] [                                                 ] c.n.d.s.r.aws.ConfigClusterResolver      : Resolving eureka endpoints via configuration
2024-12-30T07:04:21.562-06:00  INFO [user-ws, traceId=, spanId=] 9211 --- [user-ws] [AsyncResolver-bootstrap-executor-%d] [                                                 ] c.n.d.s.r.aws.ConfigClusterResolver      : Resolving eureka endpoints via configuration
2024-12-30T07:09:21.576-06:00  INFO [user-ws, traceId=, spanId=] 9211 --- [user-ws] [AsyncResolver-bootstrap-executor-%d] [                                                 ] c.n.d.s.r.aws.ConfigClusterResolver      : Resolving eureka endpoints via configuration
2024-12-30T07:14:21.592-06:00  INFO [user-ws, traceId=, spanId=] 9211 --- [user-ws] [AsyncResolver-bootstrap-executor-%d] [                                                 ] c.n.d.s.r.aws.ConfigClusterResolver      : Resolving eureka endpoints via configuration
2024-12-30T07:33:42.878-06:00  WARN [user-ws, traceId=, spanId=] 9211 --- [user-ws] [HikariPool-2 housekeeper] [                                                 ] com.zaxxer.hikari.pool.HikariPool        : HikariPool-2 - Thread starvation or clock leap detected (housekeeper delta=15m36s931ms).
2024-12-30T07:34:27.433-06:00  INFO [user-ws, traceId=, spanId=] 9211 --- [user-ws] [AsyncResolver-bootstrap-executor-%d] [                                                 ] c.n.d.s.r.aws.ConfigClusterResolver      : Resolving eureka endpoints via configuration
2024-12-30T07:50:44.284-06:00  WARN [user-ws, traceId=, spanId=] 9211 --- [user-ws] [HikariPool-2 housekeeper] [                                                 ] com.zaxxer.hikari.pool.HikariPool        : HikariPool-2 - Thread starvation or clock leap detected (housekeeper delta=16m31s117ms).
2024-12-30T07:58:04.487-06:00  WARN [user-ws, traceId=, spanId=] 9211 --- [user-ws] [HikariPool-2 housekeeper] [                                                 ] com.zaxxer.hikari.pool.HikariPool        : HikariPool-2 - Thread starvation or clock leap detected (housekeeper delta=6m50s194ms).
2024-12-30T08:10:14.726-06:00  INFO [user-ws, traceId=, spanId=] 9211 --- [user-ws] [AsyncResolver-bootstrap-executor-%d] [                                                 ] c.n.d.s.r.aws.ConfigClusterResolver      : Resolving eureka endpoints via configuration
2024-12-30T08:10:29.739-06:00  WARN [user-ws, traceId=, spanId=] 9211 --- [user-ws] [HikariPool-2 housekeeper] [                                                 ] com.zaxxer.hikari.pool.HikariPool        : HikariPool-2 - Thread starvation or clock leap detected (housekeeper delta=8m54s350ms).
2024-12-30T08:15:14.985-06:00  INFO [user-ws, traceId=, spanId=] 9211 --- [user-ws] [AsyncResolver-bootstrap-executor-%d] [                                                 ] c.n.d.s.r.aws.ConfigClusterResolver      : Resolving eureka endpoints via configuration
2024-12-30T08:20:14.995-06:00  INFO [user-ws, traceId=, spanId=] 9211 --- [user-ws] [AsyncResolver-bootstrap-executor-%d] [                                                 ] c.n.d.s.r.aws.ConfigClusterResolver      : Resolving eureka endpoints via configuration
2024-12-30T08:25:15.182-06:00  INFO [user-ws, traceId=, spanId=] 9211 --- [user-ws] [AsyncResolver-bootstrap-executor-%d] [                                                 ] c.n.d.s.r.aws.ConfigClusterResolver      : Resolving eureka endpoints via configuration
2024-12-30T08:30:15.302-06:00  INFO [user-ws, traceId=, spanId=] 9211 --- [user-ws] [AsyncResolver-bootstrap-executor-%d] [                                                 ] c.n.d.s.r.aws.ConfigClusterResolver      : Resolving eureka endpoints via configuration
2024-12-30T08:35:15.418-06:00  INFO [user-ws, traceId=, spanId=] 9211 --- [user-ws] [AsyncResolver-bootstrap-executor-%d] [                                                 ] c.n.d.s.r.aws.ConfigClusterResolver      : Resolving eureka endpoints via configuration
2024-12-30T08:40:15.492-06:00  INFO [user-ws, traceId=, spanId=] 9211 --- [user-ws] [AsyncResolver-bootstrap-executor-%d] [                                                 ] c.n.d.s.r.aws.ConfigClusterResolver      : Resolving eureka endpoints via configuration
2024-12-30T08:45:15.612-06:00  INFO [user-ws, traceId=, spanId=] 9211 --- [user-ws] [AsyncResolver-bootstrap-executor-%d] [                                                 ] c.n.d.s.r.aws.ConfigClusterResolver      : Resolving eureka endpoints via configuration
2024-12-30T08:50:15.785-06:00  INFO [user-ws, traceId=, spanId=] 9211 --- [user-ws] [AsyncResolver-bootstrap-executor-%d] [                                                 ] c.n.d.s.r.aws.ConfigClusterResolver      : Resolving eureka endpoints via configuration
2024-12-30T08:55:15.788-06:00  INFO [user-ws, traceId=, spanId=] 9211 --- [user-ws] [AsyncResolver-bootstrap-executor-%d] [                                                 ] c.n.d.s.r.aws.ConfigClusterResolver      : Resolving eureka endpoints via configuration
2024-12-30T08:56:31.554-06:00  WARN [user-ws, traceId=, spanId=] 9211 --- [user-ws] [HikariPool-2 housekeeper] [                                                 ] com.zaxxer.hikari.pool.HikariPool        : HikariPool-2 - Thread starvation or clock leap detected (housekeeper delta=56s415ms).
2024-12-30T09:12:30.962-06:00  WARN [user-ws, traceId=, spanId=] 9211 --- [user-ws] [HikariPool-2 housekeeper] [                                                 ] com.zaxxer.hikari.pool.HikariPool        : HikariPool-2 - Thread starvation or clock leap detected (housekeeper delta=15m59s408ms).
2024-12-30T09:30:31.429-06:00  WARN [user-ws, traceId=, spanId=] 9211 --- [user-ws] [HikariPool-2 housekeeper] [                                                 ] com.zaxxer.hikari.pool.HikariPool        : HikariPool-2 - Thread starvation or clock leap detected (housekeeper delta=17m443ms).
2024-12-30T09:32:42.043-06:00  INFO [user-ws, traceId=, spanId=] 9211 --- [user-ws] [AsyncResolver-bootstrap-executor-%d] [                                                 ] c.n.d.s.r.aws.ConfigClusterResolver      : Resolving eureka endpoints via configuration
2024-12-30T09:37:42.046-06:00  INFO [user-ws, traceId=, spanId=] 9211 --- [user-ws] [AsyncResolver-bootstrap-executor-%d] [                                                 ] c.n.d.s.r.aws.ConfigClusterResolver      : Resolving eureka endpoints via configuration
2024-12-30T09:42:42.052-06:00  INFO [user-ws, traceId=, spanId=] 9211 --- [user-ws] [AsyncResolver-bootstrap-executor-%d] [                                                 ] c.n.d.s.r.aws.ConfigClusterResolver      : Resolving eureka endpoints via configuration
2024-12-30T09:47:42.052-06:00  INFO [user-ws, traceId=, spanId=] 9211 --- [user-ws] [AsyncResolver-bootstrap-executor-%d] [                                                 ] c.n.d.s.r.aws.ConfigClusterResolver      : Resolving eureka endpoints via configuration
2024-12-30T09:52:42.061-06:00  INFO [user-ws, traceId=, spanId=] 9211 --- [user-ws] [AsyncResolver-bootstrap-executor-%d] [                                                 ] c.n.d.s.r.aws.ConfigClusterResolver      : Resolving eureka endpoints via configuration
2024-12-30T09:57:42.067-06:00  INFO [user-ws, traceId=, spanId=] 9211 --- [user-ws] [AsyncResolver-bootstrap-executor-%d] [                                                 ] c.n.d.s.r.aws.ConfigClusterResolver      : Resolving eureka endpoints via configuration
2024-12-30T10:02:42.140-06:00  INFO [user-ws, traceId=, spanId=] 9211 --- [user-ws] [AsyncResolver-bootstrap-executor-%d] [                                                 ] c.n.d.s.r.aws.ConfigClusterResolver      : Resolving eureka endpoints via configuration
2024-12-30T10:07:42.150-06:00  INFO [user-ws, traceId=, spanId=] 9211 --- [user-ws] [AsyncResolver-bootstrap-executor-%d] [                                                 ] c.n.d.s.r.aws.ConfigClusterResolver      : Resolving eureka endpoints via configuration
2024-12-30T10:12:42.179-06:00  INFO [user-ws, traceId=, spanId=] 9211 --- [user-ws] [AsyncResolver-bootstrap-executor-%d] [                                                 ] c.n.d.s.r.aws.ConfigClusterResolver      : Resolving eureka endpoints via configuration
2024-12-30T10:17:42.192-06:00  INFO [user-ws, traceId=, spanId=] 9211 --- [user-ws] [AsyncResolver-bootstrap-executor-%d] [                                                 ] c.n.d.s.r.aws.ConfigClusterResolver      : Resolving eureka endpoints via configuration
2024-12-30T10:22:42.201-06:00  INFO [user-ws, traceId=, spanId=] 9211 --- [user-ws] [AsyncResolver-bootstrap-executor-%d] [                                                 ] c.n.d.s.r.aws.ConfigClusterResolver      : Resolving eureka endpoints via configuration
2024-12-30T10:28:54.967-06:00  WARN [user-ws, traceId=, spanId=] 9211 --- [user-ws] [HikariPool-2 housekeeper] [                                                 ] com.zaxxer.hikari.pool.HikariPool        : HikariPool-2 - Thread starvation or clock leap detected (housekeeper delta=2m22s799ms).
2024-12-30T10:31:40.453-06:00  WARN [user-ws, traceId=, spanId=] 9211 --- [user-ws] [HikariPool-2 housekeeper] [                                                 ] com.zaxxer.hikari.pool.HikariPool        : HikariPool-2 - Thread starvation or clock leap detected (housekeeper delta=2m45s486ms).
2024-12-30T10:31:49.469-06:00  INFO [user-ws, traceId=, spanId=] 9211 --- [user-ws] [AsyncResolver-bootstrap-executor-%d] [                                                 ] c.n.d.s.r.aws.ConfigClusterResolver      : Resolving eureka endpoints via configuration
2024-12-30T10:33:23.853-06:00  WARN [user-ws, traceId=, spanId=] 9211 --- [user-ws] [HikariPool-2 housekeeper] [                                                 ] com.zaxxer.hikari.pool.HikariPool        : HikariPool-2 - Thread starvation or clock leap detected (housekeeper delta=1m13s127ms).
2024-12-30T10:35:47.148-06:00  WARN [user-ws, traceId=, spanId=] 9211 --- [user-ws] [HikariPool-2 housekeeper] [                                                 ] com.zaxxer.hikari.pool.HikariPool        : HikariPool-2 - Thread starvation or clock leap detected (housekeeper delta=1m23s284ms).
2024-12-30T10:48:52.126-06:00  WARN [user-ws, traceId=, spanId=] 9211 --- [user-ws] [HikariPool-2 housekeeper] [                                                 ] com.zaxxer.hikari.pool.HikariPool        : HikariPool-2 - Thread starvation or clock leap detected (housekeeper delta=12m34s974ms).
2024-12-30T10:50:30.836-06:00  INFO [user-ws, traceId=, spanId=] 9211 --- [user-ws] [AsyncResolver-bootstrap-executor-%d] [                                                 ] c.n.d.s.r.aws.ConfigClusterResolver      : Resolving eureka endpoints via configuration
2024-12-30T10:55:30.843-06:00  INFO [user-ws, traceId=, spanId=] 9211 --- [user-ws] [AsyncResolver-bootstrap-executor-%d] [                                                 ] c.n.d.s.r.aws.ConfigClusterResolver      : Resolving eureka endpoints via configuration
2024-12-30T11:00:30.854-06:00  INFO [user-ws, traceId=, spanId=] 9211 --- [user-ws] [AsyncResolver-bootstrap-executor-%d] [                                                 ] c.n.d.s.r.aws.ConfigClusterResolver      : Resolving eureka endpoints via configuration
2024-12-30T11:05:30.869-06:00  INFO [user-ws, traceId=, spanId=] 9211 --- [user-ws] [AsyncResolver-bootstrap-executor-%d] [                                                 ] c.n.d.s.r.aws.ConfigClusterResolver      : Resolving eureka endpoints via configuration
2024-12-30T11:10:30.877-06:00  INFO [user-ws, traceId=, spanId=] 9211 --- [user-ws] [AsyncResolver-bootstrap-executor-%d] [                                                 ] c.n.d.s.r.aws.ConfigClusterResolver      : Resolving eureka endpoints via configuration
2024-12-30T11:15:30.892-06:00  INFO [user-ws, traceId=, spanId=] 9211 --- [user-ws] [AsyncResolver-bootstrap-executor-%d] [                                                 ] c.n.d.s.r.aws.ConfigClusterResolver      : Resolving eureka endpoints via configuration
2024-12-30T11:20:30.870-06:00  INFO [user-ws, traceId=, spanId=] 9211 --- [user-ws] [AsyncResolver-bootstrap-executor-%d] [                                                 ] c.n.d.s.r.aws.ConfigClusterResolver      : Resolving eureka endpoints via configuration
2024-12-30T11:25:30.876-06:00  INFO [user-ws, traceId=, spanId=] 9211 --- [user-ws] [AsyncResolver-bootstrap-executor-%d] [                                                 ] c.n.d.s.r.aws.ConfigClusterResolver      : Resolving eureka endpoints via configuration
2024-12-30T11:30:30.882-06:00  INFO [user-ws, traceId=, spanId=] 9211 --- [user-ws] [AsyncResolver-bootstrap-executor-%d] [                                                 ] c.n.d.s.r.aws.ConfigClusterResolver      : Resolving eureka endpoints via configuration
2024-12-30T11:35:30.889-06:00  INFO [user-ws, traceId=, spanId=] 9211 --- [user-ws] [AsyncResolver-bootstrap-executor-%d] [                                                 ] c.n.d.s.r.aws.ConfigClusterResolver      : Resolving eureka endpoints via configuration
2024-12-30T11:40:30.893-06:00  INFO [user-ws, traceId=, spanId=] 9211 --- [user-ws] [AsyncResolver-bootstrap-executor-%d] [                                                 ] c.n.d.s.r.aws.ConfigClusterResolver      : Resolving eureka endpoints via configuration
2024-12-30T11:45:30.896-06:00  INFO [user-ws, traceId=, spanId=] 9211 --- [user-ws] [AsyncResolver-bootstrap-executor-%d] [                                                 ] c.n.d.s.r.aws.ConfigClusterResolver      : Resolving eureka endpoints via configuration
2024-12-30T11:50:30.900-06:00  INFO [user-ws, traceId=, spanId=] 9211 --- [user-ws] [AsyncResolver-bootstrap-executor-%d] [                                                 ] c.n.d.s.r.aws.ConfigClusterResolver      : Resolving eureka endpoints via configuration
2024-12-30T11:55:30.996-06:00  INFO [user-ws, traceId=, spanId=] 9211 --- [user-ws] [AsyncResolver-bootstrap-executor-%d] [                                                 ] c.n.d.s.r.aws.ConfigClusterResolver      : Resolving eureka endpoints via configuration
2024-12-30T12:00:31.114-06:00  INFO [user-ws, traceId=, spanId=] 9211 --- [user-ws] [AsyncResolver-bootstrap-executor-%d] [                                                 ] c.n.d.s.r.aws.ConfigClusterResolver      : Resolving eureka endpoints via configuration
2024-12-30T12:05:31.209-06:00  INFO [user-ws, traceId=, spanId=] 9211 --- [user-ws] [AsyncResolver-bootstrap-executor-%d] [                                                 ] c.n.d.s.r.aws.ConfigClusterResolver      : Resolving eureka endpoints via configuration
2024-12-30T12:10:31.309-06:00  INFO [user-ws, traceId=, spanId=] 9211 --- [user-ws] [AsyncResolver-bootstrap-executor-%d] [                                                 ] c.n.d.s.r.aws.ConfigClusterResolver      : Resolving eureka endpoints via configuration
2024-12-30T12:15:31.317-06:00  INFO [user-ws, traceId=, spanId=] 9211 --- [user-ws] [AsyncResolver-bootstrap-executor-%d] [                                                 ] c.n.d.s.r.aws.ConfigClusterResolver      : Resolving eureka endpoints via configuration
2024-12-30T12:20:31.320-06:00  INFO [user-ws, traceId=, spanId=] 9211 --- [user-ws] [AsyncResolver-bootstrap-executor-%d] [                                                 ] c.n.d.s.r.aws.ConfigClusterResolver      : Resolving eureka endpoints via configuration
2024-12-30T12:25:31.354-06:00  INFO [user-ws, traceId=, spanId=] 9211 --- [user-ws] [AsyncResolver-bootstrap-executor-%d] [                                                 ] c.n.d.s.r.aws.ConfigClusterResolver      : Resolving eureka endpoints via configuration
2024-12-30T12:30:31.363-06:00  INFO [user-ws, traceId=, spanId=] 9211 --- [user-ws] [AsyncResolver-bootstrap-executor-%d] [                                                 ] c.n.d.s.r.aws.ConfigClusterResolver      : Resolving eureka endpoints via configuration
2024-12-30T12:35:31.371-06:00  INFO [user-ws, traceId=, spanId=] 9211 --- [user-ws] [AsyncResolver-bootstrap-executor-%d] [                                                 ] c.n.d.s.r.aws.ConfigClusterResolver      : Resolving eureka endpoints via configuration
2024-12-30T12:40:31.380-06:00  INFO [user-ws, traceId=, spanId=] 9211 --- [user-ws] [AsyncResolver-bootstrap-executor-%d] [                                                 ] c.n.d.s.r.aws.ConfigClusterResolver      : Resolving eureka endpoints via configuration
2024-12-30T12:45:31.388-06:00  INFO [user-ws, traceId=, spanId=] 9211 --- [user-ws] [AsyncResolver-bootstrap-executor-%d] [                                                 ] c.n.d.s.r.aws.ConfigClusterResolver      : Resolving eureka endpoints via configuration
2024-12-30T12:50:31.395-06:00  INFO [user-ws, traceId=, spanId=] 9211 --- [user-ws] [AsyncResolver-bootstrap-executor-%d] [                                                 ] c.n.d.s.r.aws.ConfigClusterResolver      : Resolving eureka endpoints via configuration
2024-12-30T12:55:31.408-06:00  INFO [user-ws, traceId=, spanId=] 9211 --- [user-ws] [AsyncResolver-bootstrap-executor-%d] [                                                 ] c.n.d.s.r.aws.ConfigClusterResolver      : Resolving eureka endpoints via configuration
2024-12-30T13:00:31.510-06:00  INFO [user-ws, traceId=, spanId=] 9211 --- [user-ws] [AsyncResolver-bootstrap-executor-%d] [                                                 ] c.n.d.s.r.aws.ConfigClusterResolver      : Resolving eureka endpoints via configuration
2024-12-30T13:05:31.522-06:00  INFO [user-ws, traceId=, spanId=] 9211 --- [user-ws] [AsyncResolver-bootstrap-executor-%d] [                                                 ] c.n.d.s.r.aws.ConfigClusterResolver      : Resolving eureka endpoints via configuration
2024-12-30T13:10:31.532-06:00  INFO [user-ws, traceId=, spanId=] 9211 --- [user-ws] [AsyncResolver-bootstrap-executor-%d] [                                                 ] c.n.d.s.r.aws.ConfigClusterResolver      : Resolving eureka endpoints via configuration
2024-12-30T13:15:31.639-06:00  INFO [user-ws, traceId=, spanId=] 9211 --- [user-ws] [AsyncResolver-bootstrap-executor-%d] [                                                 ] c.n.d.s.r.aws.ConfigClusterResolver      : Resolving eureka endpoints via configuration
2024-12-30T13:20:31.748-06:00  INFO [user-ws, traceId=, spanId=] 9211 --- [user-ws] [AsyncResolver-bootstrap-executor-%d] [                                                 ] c.n.d.s.r.aws.ConfigClusterResolver      : Resolving eureka endpoints via configuration
2024-12-30T13:25:31.867-06:00  INFO [user-ws, traceId=, spanId=] 9211 --- [user-ws] [AsyncResolver-bootstrap-executor-%d] [                                                 ] c.n.d.s.r.aws.ConfigClusterResolver      : Resolving eureka endpoints via configuration
2024-12-30T13:30:31.832-06:00  INFO [user-ws, traceId=, spanId=] 9211 --- [user-ws] [AsyncResolver-bootstrap-executor-%d] [                                                 ] c.n.d.s.r.aws.ConfigClusterResolver      : Resolving eureka endpoints via configuration
2024-12-30T13:35:31.838-06:00  INFO [user-ws, traceId=, spanId=] 9211 --- [user-ws] [AsyncResolver-bootstrap-executor-%d] [                                                 ] c.n.d.s.r.aws.ConfigClusterResolver      : Resolving eureka endpoints via configuration
2024-12-30T13:40:31.844-06:00  INFO [user-ws, traceId=, spanId=] 9211 --- [user-ws] [AsyncResolver-bootstrap-executor-%d] [                                                 ] c.n.d.s.r.aws.ConfigClusterResolver      : Resolving eureka endpoints via configuration
2024-12-30T13:45:31.848-06:00  INFO [user-ws, traceId=, spanId=] 9211 --- [user-ws] [AsyncResolver-bootstrap-executor-%d] [                                                 ] c.n.d.s.r.aws.ConfigClusterResolver      : Resolving eureka endpoints via configuration
2024-12-30T13:50:31.850-06:00  INFO [user-ws, traceId=, spanId=] 9211 --- [user-ws] [AsyncResolver-bootstrap-executor-%d] [                                                 ] c.n.d.s.r.aws.ConfigClusterResolver      : Resolving eureka endpoints via configuration
2024-12-30T13:55:31.853-06:00  INFO [user-ws, traceId=, spanId=] 9211 --- [user-ws] [AsyncResolver-bootstrap-executor-%d] [                                                 ] c.n.d.s.r.aws.ConfigClusterResolver      : Resolving eureka endpoints via configuration
2024-12-30T14:00:31.900-06:00  INFO [user-ws, traceId=, spanId=] 9211 --- [user-ws] [AsyncResolver-bootstrap-executor-%d] [                                                 ] c.n.d.s.r.aws.ConfigClusterResolver      : Resolving eureka endpoints via configuration
2024-12-30T14:20:34.524-06:00  WARN [user-ws, traceId=, spanId=] 9211 --- [user-ws] [HikariPool-2 housekeeper] [                                                 ] com.zaxxer.hikari.pool.HikariPool        : HikariPool-2 - Thread starvation or clock leap detected (housekeeper delta=17m5s694ms).
2024-12-30T14:29:34.170-06:00  WARN [user-ws, traceId=, spanId=] 9211 --- [user-ws] [HikariPool-2 housekeeper] [                                                 ] com.zaxxer.hikari.pool.HikariPool        : HikariPool-2 - Thread starvation or clock leap detected (housekeeper delta=8m59s643ms).
2024-12-30T14:30:37.342-06:00  INFO [user-ws, traceId=, spanId=] 9211 --- [user-ws] [AsyncResolver-bootstrap-executor-%d] [                                                 ] c.n.d.s.r.aws.ConfigClusterResolver      : Resolving eureka endpoints via configuration
2024-12-30T14:35:37.351-06:00  INFO [user-ws, traceId=, spanId=] 9211 --- [user-ws] [AsyncResolver-bootstrap-executor-%d] [                                                 ] c.n.d.s.r.aws.ConfigClusterResolver      : Resolving eureka endpoints via configuration
2024-12-30T14:40:37.359-06:00  INFO [user-ws, traceId=, spanId=] 9211 --- [user-ws] [AsyncResolver-bootstrap-executor-%d] [                                                 ] c.n.d.s.r.aws.ConfigClusterResolver      : Resolving eureka endpoints via configuration
2024-12-30T14:45:37.370-06:00  INFO [user-ws, traceId=, spanId=] 9211 --- [user-ws] [AsyncResolver-bootstrap-executor-%d] [                                                 ] c.n.d.s.r.aws.ConfigClusterResolver      : Resolving eureka endpoints via configuration
2024-12-30T14:50:37.376-06:00  INFO [user-ws, traceId=, spanId=] 9211 --- [user-ws] [AsyncResolver-bootstrap-executor-%d] [                                                 ] c.n.d.s.r.aws.ConfigClusterResolver      : Resolving eureka endpoints via configuration
2024-12-30T14:55:37.384-06:00  INFO [user-ws, traceId=, spanId=] 9211 --- [user-ws] [AsyncResolver-bootstrap-executor-%d] [                                                 ] c.n.d.s.r.aws.ConfigClusterResolver      : Resolving eureka endpoints via configuration
2024-12-30T15:00:37.392-06:00  INFO [user-ws, traceId=, spanId=] 9211 --- [user-ws] [AsyncResolver-bootstrap-executor-%d] [                                                 ] c.n.d.s.r.aws.ConfigClusterResolver      : Resolving eureka endpoints via configuration
2024-12-30T15:05:37.403-06:00  INFO [user-ws, traceId=, spanId=] 9211 --- [user-ws] [AsyncResolver-bootstrap-executor-%d] [                                                 ] c.n.d.s.r.aws.ConfigClusterResolver      : Resolving eureka endpoints via configuration
2024-12-30T15:10:37.409-06:00  INFO [user-ws, traceId=, spanId=] 9211 --- [user-ws] [AsyncResolver-bootstrap-executor-%d] [                                                 ] c.n.d.s.r.aws.ConfigClusterResolver      : Resolving eureka endpoints via configuration
2024-12-30T15:15:37.420-06:00  INFO [user-ws, traceId=, spanId=] 9211 --- [user-ws] [AsyncResolver-bootstrap-executor-%d] [                                                 ] c.n.d.s.r.aws.ConfigClusterResolver      : Resolving eureka endpoints via configuration
2024-12-30T15:20:37.426-06:00  INFO [user-ws, traceId=, spanId=] 9211 --- [user-ws] [AsyncResolver-bootstrap-executor-%d] [                                                 ] c.n.d.s.r.aws.ConfigClusterResolver      : Resolving eureka endpoints via configuration
2024-12-30T15:25:37.438-06:00  INFO [user-ws, traceId=, spanId=] 9211 --- [user-ws] [AsyncResolver-bootstrap-executor-%d] [                                                 ] c.n.d.s.r.aws.ConfigClusterResolver      : Resolving eureka endpoints via configuration
2024-12-30T15:30:37.448-06:00  INFO [user-ws, traceId=, spanId=] 9211 --- [user-ws] [AsyncResolver-bootstrap-executor-%d] [                                                 ] c.n.d.s.r.aws.ConfigClusterResolver      : Resolving eureka endpoints via configuration
2024-12-30T15:35:37.553-06:00  INFO [user-ws, traceId=, spanId=] 9211 --- [user-ws] [AsyncResolver-bootstrap-executor-%d] [                                                 ] c.n.d.s.r.aws.ConfigClusterResolver      : Resolving eureka endpoints via configuration
2024-12-30T15:40:37.644-06:00  INFO [user-ws, traceId=, spanId=] 9211 --- [user-ws] [AsyncResolver-bootstrap-executor-%d] [                                                 ] c.n.d.s.r.aws.ConfigClusterResolver      : Resolving eureka endpoints via configuration
2024-12-30T15:45:37.753-06:00  INFO [user-ws, traceId=, spanId=] 9211 --- [user-ws] [AsyncResolver-bootstrap-executor-%d] [                                                 ] c.n.d.s.r.aws.ConfigClusterResolver      : Resolving eureka endpoints via configuration
2024-12-30T15:50:37.764-06:00  INFO [user-ws, traceId=, spanId=] 9211 --- [user-ws] [AsyncResolver-bootstrap-executor-%d] [                                                 ] c.n.d.s.r.aws.ConfigClusterResolver      : Resolving eureka endpoints via configuration
2024-12-30T15:55:37.790-06:00  INFO [user-ws, traceId=, spanId=] 9211 --- [user-ws] [AsyncResolver-bootstrap-executor-%d] [                                                 ] c.n.d.s.r.aws.ConfigClusterResolver      : Resolving eureka endpoints via configuration
2024-12-30T16:00:37.798-06:00  INFO [user-ws, traceId=, spanId=] 9211 --- [user-ws] [AsyncResolver-bootstrap-executor-%d] [                                                 ] c.n.d.s.r.aws.ConfigClusterResolver      : Resolving eureka endpoints via configuration
2024-12-30T16:05:37.806-06:00  INFO [user-ws, traceId=, spanId=] 9211 --- [user-ws] [AsyncResolver-bootstrap-executor-%d] [                                                 ] c.n.d.s.r.aws.ConfigClusterResolver      : Resolving eureka endpoints via configuration
2024-12-30T16:10:37.814-06:00  INFO [user-ws, traceId=, spanId=] 9211 --- [user-ws] [AsyncResolver-bootstrap-executor-%d] [                                                 ] c.n.d.s.r.aws.ConfigClusterResolver      : Resolving eureka endpoints via configuration
2024-12-30T16:15:37.829-06:00  INFO [user-ws, traceId=, spanId=] 9211 --- [user-ws] [AsyncResolver-bootstrap-executor-%d] [                                                 ] c.n.d.s.r.aws.ConfigClusterResolver      : Resolving eureka endpoints via configuration
2024-12-30T16:20:37.838-06:00  INFO [user-ws, traceId=, spanId=] 9211 --- [user-ws] [AsyncResolver-bootstrap-executor-%d] [                                                 ] c.n.d.s.r.aws.ConfigClusterResolver      : Resolving eureka endpoints via configuration
2024-12-30T16:25:37.853-06:00  INFO [user-ws, traceId=, spanId=] 9211 --- [user-ws] [AsyncResolver-bootstrap-executor-%d] [                                                 ] c.n.d.s.r.aws.ConfigClusterResolver      : Resolving eureka endpoints via configuration
2024-12-30T16:30:37.863-06:00  INFO [user-ws, traceId=, spanId=] 9211 --- [user-ws] [AsyncResolver-bootstrap-executor-%d] [                                                 ] c.n.d.s.r.aws.ConfigClusterResolver      : Resolving eureka endpoints via configuration
2024-12-30T16:35:37.873-06:00  INFO [user-ws, traceId=, spanId=] 9211 --- [user-ws] [AsyncResolver-bootstrap-executor-%d] [                                                 ] c.n.d.s.r.aws.ConfigClusterResolver      : Resolving eureka endpoints via configuration
2024-12-30T16:40:37.880-06:00  INFO [user-ws, traceId=, spanId=] 9211 --- [user-ws] [AsyncResolver-bootstrap-executor-%d] [                                                 ] c.n.d.s.r.aws.ConfigClusterResolver      : Resolving eureka endpoints via configuration
2024-12-30T16:45:37.890-06:00  INFO [user-ws, traceId=, spanId=] 9211 --- [user-ws] [AsyncResolver-bootstrap-executor-%d] [                                                 ] c.n.d.s.r.aws.ConfigClusterResolver      : Resolving eureka endpoints via configuration
2024-12-30T16:50:37.899-06:00  INFO [user-ws, traceId=, spanId=] 9211 --- [user-ws] [AsyncResolver-bootstrap-executor-%d] [                                                 ] c.n.d.s.r.aws.ConfigClusterResolver      : Resolving eureka endpoints via configuration
2024-12-30T16:55:37.907-06:00  INFO [user-ws, traceId=, spanId=] 9211 --- [user-ws] [AsyncResolver-bootstrap-executor-%d] [                                                 ] c.n.d.s.r.aws.ConfigClusterResolver      : Resolving eureka endpoints via configuration
2024-12-30T17:00:37.900-06:00  INFO [user-ws, traceId=, spanId=] 9211 --- [user-ws] [AsyncResolver-bootstrap-executor-%d] [                                                 ] c.n.d.s.r.aws.ConfigClusterResolver      : Resolving eureka endpoints via configuration
2024-12-30T17:05:37.909-06:00  INFO [user-ws, traceId=, spanId=] 9211 --- [user-ws] [AsyncResolver-bootstrap-executor-%d] [                                                 ] c.n.d.s.r.aws.ConfigClusterResolver      : Resolving eureka endpoints via configuration
2024-12-30T17:10:37.916-06:00  INFO [user-ws, traceId=, spanId=] 9211 --- [user-ws] [AsyncResolver-bootstrap-executor-%d] [                                                 ] c.n.d.s.r.aws.ConfigClusterResolver      : Resolving eureka endpoints via configuration
2024-12-30T17:16:37.775-06:00  WARN [user-ws, traceId=, spanId=] 9211 --- [user-ws] [HikariPool-2 housekeeper] [                                                 ] com.zaxxer.hikari.pool.HikariPool        : HikariPool-2 - Thread starvation or clock leap detected (housekeeper delta=4m59s446ms).
2024-12-30T17:34:19.874-06:00  WARN [user-ws, traceId=, spanId=] 9211 --- [user-ws] [HikariPool-2 housekeeper] [                                                 ] com.zaxxer.hikari.pool.HikariPool        : HikariPool-2 - Thread starvation or clock leap detected (housekeeper delta=17m12s83ms).
2024-12-30T17:38:49.674-06:00  WARN [user-ws, traceId=, spanId=] 9211 --- [user-ws] [HikariPool-2 housekeeper] [                                                 ] com.zaxxer.hikari.pool.HikariPool        : HikariPool-2 - Thread starvation or clock leap detected (housekeeper delta=4m29s800ms).
2024-12-30T17:40:49.223-06:00  INFO [user-ws, traceId=, spanId=] 9211 --- [user-ws] [AsyncResolver-bootstrap-executor-%d] [                                                 ] c.n.d.s.r.aws.ConfigClusterResolver      : Resolving eureka endpoints via configuration
2024-12-30T17:45:49.234-06:00  INFO [user-ws, traceId=, spanId=] 9211 --- [user-ws] [AsyncResolver-bootstrap-executor-%d] [                                                 ] c.n.d.s.r.aws.ConfigClusterResolver      : Resolving eureka endpoints via configuration
2024-12-30T17:50:49.247-06:00  INFO [user-ws, traceId=, spanId=] 9211 --- [user-ws] [AsyncResolver-bootstrap-executor-%d] [                                                 ] c.n.d.s.r.aws.ConfigClusterResolver      : Resolving eureka endpoints via configuration
2024-12-30T17:55:49.256-06:00  INFO [user-ws, traceId=, spanId=] 9211 --- [user-ws] [AsyncResolver-bootstrap-executor-%d] [                                                 ] c.n.d.s.r.aws.ConfigClusterResolver      : Resolving eureka endpoints via configuration
